oooohttp://www.sohu.com/False0京ICP证030367号-1[1244, 945, 287]16年6月20天/http://www.sogou.com//False0京ICP备11001839号-1[26, 23, 2]13年1月6天/http://pinyin.sogou.com//False0京ICP备11001839号-1[84, 81, 1]13年1月6天/http://ie.sogou.com//False0京ICP备11001839号-1[27, 27, 0]13年1月6天/http://map.sogou.com//False0京ICP备11001839号-1[11, 11, 0]13年1月6天/http://mail.sohu.com//False0京ICP证030367号-1[10, 7, 3]16年6月20天/http://t.sohu.com//False0京ICP证030367号-1[37, 37, 0]16年6月20天/http://blog.sohu.com//False0京ICP证030367号-1[1595, 1580, 11]16年6月20天/http://club.sohu.com//False0京ICP证030367号-1[424, 370, 54]16年6月20天/http://pinglun.sohu.com//False0京ICP证030367号-1[305, 304, 1]16年6月20天/http://mini.sohu.com//False0京ICP证030367号-1[22, 20, 2]16年6月20天/http://pic.sohu.com//False0京ICP证030367号-1[333, 326, 7]16年6月20天/http://www.sohu.com
False0京ICP证030367号-1[1244, 945, 287]16年6月20天
http://www.sogou.com/
False0京ICP备11001839号-1[26, 23, 2]13年1月6天
http://pinyin.sogou.com/
False0京ICP备11001839号-1[84, 81, 1]13年1月6天
http://ie.sogou.com/
False0京ICP备11001839号-1[27, 27, 0]13年1月6天
http://map.sogou.com/
False0京ICP备11001839号-1[11, 11, 0]13年1月6天
http://mail.sohu.com/
False0京ICP证030367号-1[10, 7, 3]16年6月20天
http://t.sohu.com/
False0京ICP证030367号-1[37, 37, 0]16年6月20天
http://blog.sohu.com/
False0京ICP证030367号-1[1595, 1580, 11]16年6月20天
http://club.sohu.com/
False0京ICP证030367号-1[424, 370, 54]16年6月20天
http://pinglun.sohu.com/
False0京ICP证030367号-1[305, 304, 1]16年6月20天
http://mini.sohu.com/
False0京ICP证030367号-1[22, 20, 2]16年6月20天
http://pic.sohu.com/
False0京ICP证030367号-1[333, 326, 7]16年6月20天
http://tv.sohu.com/
False0京ICP证030367号-1[891, 848, 41]16年6月20天
http://www.sohu.com
False,0,京ICP证030367号-1,[1244, 945, 287],16年6月20天
http://www.sogou.com/
False,0,京ICP备11001839号-1,[26, 23, 2],13年1月6天
http://pinyin.sogou.com/
False,0,京ICP备11001839号-1,[84, 81, 1],13年1月6天
http://ie.sogou.com/
False,0,京ICP备11001839号-1,[27, 27, 0],13年1月6天
http://map.sogou.com/
False,0,京ICP备11001839号-1,[11, 11, 0],13年1月6天
http://mail.sohu.com/
False,0,京ICP证030367号-1,[10, 7, 3],16年6月20天
http://t.sohu.com/
False,0,京ICP证030367号-1,[37, 37, 0],16年6月20天
http://blog.sohu.com/
False,0,京ICP证030367号-1,[1595, 1580, 11],16年6月20天
http://www.sohu.com
False,0,京ICP证030367号-1,[1247, 949, 286],16年7月13天
http://www.sogou.com/
False,0,京ICP备11001839号-1,[26, 23, 2],13年1月30天
http://pinyin.sogou.com/
False,0,京ICP备11001839号-1,[84, 81, 1],13年1月30天
http://blog.sohu.com/
False,0,京ICP证030367号-1,[1596, 1581, 11],16年7月13天
http://www.sohu.com
False,0,京ICP证030367号-1,[1253, 953, 288],16年7月20天
http://www.sogou.com/
False,0,京ICP备11001839号-1,[26, 23, 2],13年2月6天
http://www.sogou.com/
False,0,京ICP备11001839号-1,[0, 0, 0],13年2月6天
http://pinyin.sogou.com/
False,0,京ICP备11001839号-1,[84, 81, 1],13年2月6天
http://ie.sogou.com/
False,0,京ICP备11001839号-1,[27, 27, 0],13年2月6天
http://t.sohu.com/
False,0,京ICP证030367号-1,[37, 37, 0],16年7月20天
http://www.sohu.com
False,0,京ICP证030367号-1,[1255, 955, 288],16年7月20天
http://www.sogou.com/
False,0,京ICP备11001839号-1,[26, 23, 2],13年2月6天
http://ie.sogou.com/
False,0,京ICP备11001839号-1,[27, 27, 0],13年2月6天
http://news.sohu.com/s2015/chunjie/index.shtml
False,0,京ICP证030367号-1,[84, 60, 24],16年7月21天
http://www.sohu.com
False,0,京ICP证030367号-1,[1248, 949, 287],16年7月21天
http://www.sogou.com/
False,0,京ICP备11001839号-1,[26, 23, 2],13年2月7天
http://pinyin.sogou.com/
False,0,京ICP备11001839号-1,[84, 81, 1],13年2月7天
http://ie.sogou.com/
False,0,京ICP备11001839号-1,[27, 27, 0],13年2月7天
http://map.sogou.com/
False,0,京ICP备11001839号-1,[11, 11, 0],13年2月7天
http://mail.sohu.com/
False,0,京ICP证030367号-1,[10, 7, 3],16年7月21天
http://www.sohu.com
False,0,京ICP证030367号-1,[1243, 946, 285],16年7月23天19551
http://www.sogou.com/
False,0,京ICP备11001839号-1,[0, 0, 0],13年2月9天2100
http://ie.sogou.com/
False,0,京ICP备11001839号-1,[27, 27, 0],13年2月9天2007
http://map.sogou.com/
False,0,京ICP备11001839号-1,[11, 11, 0],13年2月9天2140
http://mail.sohu.com/
False,0,京ICP证030367号-1,[10, 7, 3],16年7月23天2113
http://blog.sohu.com/
False,0,京ICP证030367号-1,[1593, 1578, 11],16年7月23天21091
http://club.sohu.com/
False,0,京ICP证030367号-1,[426, 372, 54],16年7月23天21234
http://www.sohu.com
False,0,京ICP证030367号-1,[1244, 947, 285],16年7月23天,19,5,51
http://www.sogou.com/
False,0,京ICP备11001839号-1,[25, 22, 2],13年2月9天,21,1,1
http://ie.sogou.com/
False,0,京ICP备11001839号-1,[27, 27, 0],13年2月9天,20,0,7
http://map.sogou.com/
False,0,京ICP备11001839号-1,[11, 11, 0],13年2月9天,21,4,0
http://mail.sohu.com/
False,0,京ICP证030367号-1,[10, 7, 3],16年7月23天,21,1,3
http://www.sohu.com
False,0,京ICP证030367号-1,[1246, 949, 285],16年7月23天,19,5,52
http://www.sogou.com/
False,0,京ICP备11001839号-1,[25, 22, 2],13年2月9天,21,1,1
http://pinyin.sogou.com/
False,0,京ICP备11001839号-1,[84, 81, 1],13年2月9天,24,1,25
http://ie.sogou.com/
False,0,京ICP备11001839号-1,[27, 27, 0],13年2月9天,20,0,7
http://www.sohu.com
False,0,京ICP证030367号-1,[1246, 949, 285],16年7月23天,19,5,52
http://www.sogou.com/
False,0,京ICP备11001839号-1,[0, 0, 0],13年2月9天,21,0,0
http://pinyin.sogou.com/
False,0,京ICP备11001839号-1,[84, 81, 1],13年2月9天,24,1,25
http://ie.sogou.com/
False,0,京ICP备11001839号-1,[27, 27, 0],13年2月9天,20,0,7
http://map.sogou.com/
False,0,京ICP备11001839号-1,[11, 11, 0],13年2月9天,21,4,0
http://mail.sohu.com/
False,0,京ICP证030367号-1,[10, 7, 3],16年7月23天,21,1,3
http://blog.sohu.com/
False,0,京ICP证030367号-1,[1593, 1578, 11],16年7月23天,21,0,91
http://club.sohu.com/
False,0,京ICP证030367号-1,[426, 372, 54],16年7月23天,21,2,34
http://tv.sohu.com/
False,0,京ICP证030367号-1,[898, 852, 44],16年7月23天,19,2,284
http://class.chinaren.com/
False,0,京ICP备10007273号-6,[19, 15, 4],16年1月14天,26,2,1
http://www.17173.com/
False,0,京ICP备14014454号-1,[1169, 909, 249],13年10月30天,21,4,295
http://www.m.sohu.com/
False,0,京ICP证030367号-1,[20, 2, 18],16年7月23天,22,0,40
http://news.sohu.com/
False,0,京ICP证030367号-1,[1098, 971, 126],16年7月23天,21,3,153
http://ie.sogou.com/
False,0,京ICP备11001839号-1,[27, 27, 0],13年2月9天,20,0,7
http://www.sogou.com/
False,0,京ICP备11001839号-1,[25, 22, 2],13年2月9天,21,1,1
http://map.sogou.com/
False,0,京ICP备11001839号-1,[11, 11, 0],13年2月9天,21,4,0
http://www.sohu.com
False,0,京ICP证030367号-1,[1246, 949, 285],16年7月23天,19,5,52
http://mail.sohu.com/
False,0,京ICP证030367号-1,[10, 7, 3],16年7月23天,21,1,3
http://pinyin.sogou.com/
False,0,京ICP备11001839号-1,[84, 81, 1],13年2月9天,24,1,25
http://club.sohu.com/
False,0,京ICP证030367号-1,[426, 372, 54],16年7月23天,21,2,34
http://class.chinaren.com/
False,0,京ICP备10007273号-6,[19, 15, 4],16年1月14天,26,2,1
http://tv.sohu.com/
False,0,京ICP证030367号-1,[898, 852, 44],16年7月23天,19,2,284
http://www.17173.com/
False,0,京ICP备14014454号-1,[1169, 909, 249],13年10月30天,21,4,295
http://www.m.sohu.com/
False,0,京ICP证030367号-1,[20, 2, 18],16年7月23天,22,0,40
http://mgame.sohu.com/
False,0,京ICP证030367号-1,[307, 228, 79],16年7月23天,22,1,128
http://cul.sohu.com/
False,0,京ICP证030367号-1,[289, 284, 2],16年7月23天,20,0,38
http://star.news.sohu.com/
False,0,京ICP证030367号-1,[249, 163, 86],16年7月23天,26,0,36
http://sports.sohu.com/
False,0,京ICP证030367号-1,[739, 690, 47],16年7月23天,23,0,115
http://book.sohu.com/
False,0,京ICP证030367号-1,[465, 414, 49],16年7月23天,21,1,39
http://news.sohu.com/
False,0,京ICP证030367号-1,[1098, 971, 126],16年7月23天,21,3,153
http://www.sohu.com
False,0,京ICP证030367号-1,[1253, 955, 286],16年7月27天,19,5,51
http://www.sogou.com/
False,0,京ICP备11001839号-1,[26, 23, 2],13年2月13天,21,1,1
http://pinyin.sogou.com/
False,0,京ICP备11001839号-1,[84, 81, 1],13年2月13天,24,1,25
http://map.sogou.com/
False,0,京ICP备11001839号-1,[11, 11, 0],13年2月13天,21,4,0
http://mail.sohu.com/
False,0,京ICP证030367号-1,[10, 7, 3],16年7月27天,21,1,3
http://blog.sohu.com/
False,0,京ICP证030367号-1,[1594, 1579, 11],16年7月27天,21,0,91
http://club.sohu.com/
False,0,京ICP证030367号-1,[427, 373, 54],16年7月27天,21,2,34
http://mini.sohu.com/
False,0,京ICP证030367号-1,[22, 20, 2],16年7月27天,21,1,8
http://www.sohu.com
False,0,京ICP证030367号-1,[1253, 953, 288],16年8月9天,19,5,50
http://www.sogou.com/
False,0,京ICP备11001839号-1,[27, 25, 2],13年2月23天,21,1,1
http://pinyin.sogou.com/
False,0,京ICP备11001839号-1,[84, 81, 1],13年2月23天,24,1,25
http://ie.sogou.com/
False,0,京ICP备11001839号-1,[27, 27, 0],13年2月23天,20,0,7
http://map.sogou.com/
False,0,京ICP备11001839号-1,[11, 11, 0],13年2月23天,21,4,0
http://blog.sohu.com/
False,0,京ICP证030367号-1,[1593, 1578, 11],16年8月9天,21,0,91
http://club.sohu.com/
False,0,京ICP证030367号-1,[429, 374, 55],16年8月9天,21,2,33
http://pic.sohu.com/
False,0,京ICP证030367号-1,[333, 326, 7],16年8月9天,20,0,139
http://class.chinaren.com/
False,0,京ICP备10007273号-6,[19, 15, 4],16年2月,26,2,1
http://www.17173.com/
False,0,京ICP备14014454号-1,[1166, 907, 246],13年11月13天,21,4,295
http://www.sohu.com
False,0,京ICP证030367号-1,[1253, 953, 288],16年8月9天,19,5,50
http://pinyin.sogou.com/
False,0,京ICP备11001839号-1,[84, 81, 1],13年2月23天,24,1,25
http://www.sohu.com
False,0,京ICP证030367号-1,[1253, 953, 288],16年8月9天,19,5,50
http://www.sogou.com/
False,0,京ICP备11001839号-1,[27, 25, 2],13年2月23天,21,1,1
http://pinyin.sogou.com/
False,0,京ICP备11001839号-1,[84, 81, 1],13年2月23天,24,1,25
http://map.sogou.com/
False,0,京ICP备11001839号-1,[11, 11, 0],13年2月23天,21,4,0
http://news.sohu.com/s2015/quanguolianghui/
False,0,京ICP证030367号-1,[114, 110, 4],注册时间无法获取,43,0,57
http://mail.sohu.com/
False,0,京ICP证030367号-1,[10, 7, 3],注册时间无法获取,21,1,3
http://t.sohu.com/
False,0,京ICP证030367号-1,[37, 37, 0],注册时间无法获取,18,0,16
http://pinglun.sohu.com/
False,0,京ICP证030367号-1,[299, 298, 1],注册时间无法获取,24,0,14
http://news.sohu.com/s2015/quanguolianghui/
False,0,京ICP证030367号-1,[114, 110, 4],注册时间无法获取,43,0,57
http://www.sohu.com
False,0,京ICP证030367号-1,[1253, 953, 288],16年8月9天,19,5,50
http://www.sogou.com/
False,0,京ICP备11001839号-1,[27, 25, 2],13年2月23天,21,1,1
http://pinyin.sogou.com/
False,0,京ICP备11001839号-1,[84, 81, 1],13年2月23天,24,1,25
http://ie.sogou.com/
False,0,京ICP备11001839号-1,[27, 27, 0],13年2月23天,20,0,7
http://map.sogou.com/
False,0,京ICP备11001839号-1,[11, 11, 0],13年2月23天,21,4,0
http://mail.sohu.com/
False,0,京ICP证030367号-1,[10, 7, 3],注册时间无法获取,21,1,3
http://t.sohu.com/
False,0,京ICP证030367号-1,[37, 37, 0],注册时间无法获取,18,0,16
http://blog.sohu.com/
False,0,京ICP证030367号-1,[1593, 1578, 11],16年8月9天,21,0,91
http://club.sohu.com/
False,0,京ICP证030367号-1,[429, 374, 55],16年8月9天,21,2,33
http://pinglun.sohu.com/
False,0,京ICP证030367号-1,[305, 304, 1],注册时间无法获取,24,0,14
http://mini.sohu.com/
False,0,京ICP证030367号-1,[22, 20, 2],16年8月9天,21,1,8
http://pic.sohu.com/
False,0,京ICP证030367号-1,[333, 326, 7],16年8月9天,20,0,139
http://news.sohu.com/s2015/quanguolianghui/
False,0,京ICP证030367号-1,[114, 110, 4],注册时间无法获取,43,0,57
http://www.sohu.com
False,0,京ICP证030367号-1,[1253, 953, 288],16年8月9天,19,5,50
http://pinyin.sogou.com/
False,0,京ICP备11001839号-1,[84, 81, 1],13年2月23天,24,1,25
http://ie.sogou.com/
False,0,京ICP备11001839号-1,[27, 27, 0],13年2月23天,20,0,7
http://map.sogou.com/
False,0,京ICP备11001839号-1,[11, 11, 0],13年2月23天,21,4,0
http://mail.sohu.com/
False,0,京ICP证030367号-1,[10, 7, 3],注册时间无法获取,21,1,3
http://t.sohu.com/
False,0,京ICP证030367号-1,[37, 37, 0],注册时间无法获取,18,0,16
http://blog.sohu.com/
False,0,京ICP证030367号-1,[1593, 1578, 11],16年8月9天,21,0,91
http://club.sohu.com/
False,0,京ICP证030367号-1,[429, 374, 55],16年8月9天,21,2,33
http://pinglun.sohu.com/
False,0,京ICP证030367号-1,[296, 295, 1],注册时间无法获取,24,0,14
http://mini.sohu.com/
False,0,京ICP证030367号-1,[22, 20, 2],16年8月9天,21,1,8
http://pic.sohu.com/
False,0,京ICP证030367号-1,[333, 326, 7],16年8月9天,20,0,139
http://tv.sohu.com/
False,0,京ICP证030367号-1,[886, 844, 40],16年8月9天,19,2,280
http://class.chinaren.com/
False,0,京ICP备10007273号-6,[19, 15, 4],16年2月,26,2,1
http://www.17173.com/
False,0,京ICP备14014454号-1,[1167, 910, 244],13年11月13天,21,4,295
http://www.hz.changyou.com/
False,0,京ICP备08104911号-1,[15, 11, 4],15年2月15天,27,0,29
http://www.m.sohu.com/
False,0,京ICP证030367号-1,[20, 2, 18],注册时间无法获取,22,0,40
http://mgame.sohu.com/
False,0,京ICP证030367号-1,[308, 228, 80],16年8月9天,22,1,128
http://egou.focus.cn
False,0,京ICP证030367号-5,[164, 163, 1],注册时间无法获取,20,0,15
http://news.sohu.com/
False,0,京ICP证030367号-1,[1091, 965, 124],16年8月9天,21,3,150
http://history.sohu.com/
False,0,京ICP证030367号-1,[320, 284, 35],注册时间无法获取,24,0,50
http://book.sohu.com/
False,0,京ICP证030367号-1,[463, 412, 49],16年8月9天,21,1,39
http://star.news.sohu.com/
False,0,京ICP证030367号-1,[249, 163, 86],16年8月9天,26,0,36
http://news.sohu.com/s2015/quanguolianghui/
False,0,京ICP证030367号-1,[114, 110, 4],注册时间无法获取,43,0,57
http://www.sohu.com
False,0,京ICP证030367号-1,[1252, 952, 288],16年8月9天,19,5,50
http://www.sogou.com/
False,0,该网站暂无备案,[27, 25, 2],13年2月23天,21,1,1
http://pinyin.sogou.com/
False,0,京ICP备11001839号-1,[84, 81, 1],13年2月23天,24,1,25
http://ie.sogou.com/
False,0,该网站暂无备案,[27, 27, 0],13年2月23天,20,0,7
http://map.sogou.com/
False,0,该网站暂无备案,[11, 11, 0],13年2月23天,21,4,0
http://mail.sohu.com/
False,0,京ICP证030367号-1,[10, 7, 3],注册时间无法获取,21,1,3
http://t.sohu.com/
False,0,京ICP证030367号-1,[37, 37, 0],注册时间无法获取,18,0,16
http://blog.sohu.com/
False,0,京ICP证030367号-1,[1593, 1578, 11],16年8月9天,21,0,91
http://club.sohu.com/
False,0,京ICP证030367号-1,[429, 374, 55],16年8月9天,21,2,33
http://pinglun.sohu.com/
False,0,京ICP证030367号-1,[299, 298, 1],注册时间无法获取,24,0,14
http://mini.sohu.com/
False,0,该网站暂无备案,[22, 20, 2],16年8月9天,21,1,8
http://pic.sohu.com/
False,0,京ICP证030367号-1,[333, 326, 7],16年8月9天,20,0,139
http://tv.sohu.com/
False,0,京ICP证030367号-1,[886, 844, 40],16年8月9天,19,2,280
http://class.chinaren.com/
False,0,该网站暂无备案,[19, 15, 4],16年2月,26,2,1
http://www.17173.com/
False,0,京ICP备14014454号-1,[1167, 910, 244],13年11月13天,21,4,295
http://xtl.changyou.com/
False,0,京ICP备08104911号-1,[21, 19, 1],注册时间无法获取,24,0,15
http://news.sohu.com/s2015/quanguolianghui/
False,0,京ICP证030367号-1,[114, 110, 4],注册时间无法获取,43,0,57
http://www.sohu.com
False,0,该网站暂无备案,[1252, 952, 288],16年8月9天,19,5,50
http://www.sogou.com/
False,0,京ICP备11001839号-1,[27, 25, 2],13年2月23天,21,1,1
http://pinyin.sogou.com/
False,0,该网站暂无备案,[84, 81, 1],13年2月23天,24,1,25
http://ie.sogou.com/
False,0,京ICP备11001839号-1,[27, 27, 0],13年2月23天,20,0,7
http://map.sogou.com/
False,0,该网站暂无备案,[11, 11, 0],13年2月23天,21,4,0
http://mail.sohu.com/
False,0,京ICP证030367号-1,[10, 7, 3],注册时间无法获取,21,1,3
http://t.sohu.com/
False,0,京ICP证030367号-1,[37, 37, 0],注册时间无法获取,18,0,16
http://blog.sohu.com/
False,0,京ICP证030367号-1,[1593, 1578, 11],16年8月9天,21,0,91
http://club.sohu.com/
False,0,京ICP证030367号-1,[429, 374, 55],16年8月9天,21,2,33
http://pinglun.sohu.com/
False,0,京ICP证030367号-1,[305, 304, 1],注册时间无法获取,24,0,14
http://mini.sohu.com/
False,0,该网站暂无备案,[22, 20, 2],16年8月9天,21,1,8
http://pic.sohu.com/
False,0,该网站暂无备案,[333, 326, 7],16年8月9天,20,0,139
http://tv.sohu.com/
False,0,京ICP证030367号-1,[886, 844, 40],16年8月9天,19,2,280
http://class.chinaren.com/
False,0,京ICP备10007273号-6,[19, 15, 4],16年2月,26,2,1
http://www.17173.com/
False,0,京ICP备14014454号-1,[1167, 910, 244],13年11月13天,21,4,295
http://www.sogou.com/
False,0,京ICP备11001839号-1,[26, 24, 2],13年3月24天,21,1,0
http://www.sohu.com
False,0,京ICP证030367号-1,[1252, 953, 286],16年9月7天,19,5,51
http://pinyin.sogou.com/
False,0,京ICP备11001839号-1,[84, 81, 1],13年3月24天,24,1,25
http://map.sogou.com/
False,0,京ICP备11001839号-1,[11, 11, 0],注册时间无法获取,21,4,0
http://mail.sohu.com/
False,0,京ICP证030367号-1,[10, 7, 3],注册时间无法获取,21,1,3
http://ie.sogou.com/
False,0,京ICP备11001839号-1,[26, 26, 0],13年3月24天,20,0,7
http://t.sohu.com/
False,0,京ICP证030367号-1,[37, 37, 0],16年9月7天,18,0,16
http://blog.sohu.com/
False,0,京ICP证030367号-1,[1594, 1579, 11],16年9月7天,21,0,91
http://www.sogou.com/
False,0,京ICP备11001839号-1,[26, 24, 2],13年3月24天,21,1,0
http://pinyin.sogou.com/
False,0,京ICP备11001839号-1,[84, 81, 1],13年3月24天,24,1,25
http://ie.sogou.com/
False,0,京ICP备11001839号-1,[26, 26, 0],13年3月24天,20,0,7
http://map.sogou.com/
False,0,京ICP备11001839号-1,[11, 11, 0],注册时间无法获取,21,4,0
http://mail.sohu.com/
False,0,京ICP证030367号-1,[10, 7, 3],注册时间无法获取,21,1,3
http://t.sohu.com/
False,0,京ICP证030367号-1,[37, 37, 0],16年9月7天,18,0,16
http://blog.sohu.com/
False,0,京ICP证030367号-1,[1594, 1579, 11],16年9月7天,21,0,91
http://pinglun.sohu.com/
False,0,京ICP证030367号-1,[305, 304, 1],16年9月7天,24,0,14
http://club.sohu.com/
False,0,京ICP证030367号-1,[430, 376, 54],16年9月7天,21,2,34
http://mini.sohu.com/
False,0,京ICP证030367号-1,[22, 20, 2],16年9月7天,21,1,8
http://pic.sohu.com/
False,0,京ICP证030367号-1,[333, 326, 7],注册时间无法获取,20,0,139
http://www.sogou.com/
False,0,京ICP备11001839号-1,[26, 24, 2],13年3月24天,21,1,0
http://www.sohu.com
False,0,京ICP证030367号-1,[1252, 953, 286],16年9月7天,19,5,51
http://pinyin.sogou.com/
False,0,京ICP备11001839号-1,[84, 81, 1],13年3月24天,24,1,25
http://ie.sogou.com/
False,0,京ICP备11001839号-1,[26, 26, 0],13年3月24天,20,0,7
http://mail.sohu.com/
False,0,京ICP证030367号-1,[10, 7, 3],注册时间无法获取,21,1,3
http://map.sogou.com/
False,0,京ICP备11001839号-1,[11, 11, 0],注册时间无法获取,21,4,0
http://t.sohu.com/
False,0,京ICP证030367号-1,[37, 37, 0],16年9月7天,18,0,16
http://blog.sohu.com/
False,0,京ICP证030367号-1,[1594, 1579, 11],16年9月7天,21,0,91
http://pinglun.sohu.com/
False,0,京ICP证030367号-1,[305, 304, 1],16年9月7天,24,0,14
http://club.sohu.com/
False,0,京ICP证030367号-1,[430, 376, 54],16年9月7天,21,2,34
http://mini.sohu.com/
False,0,京ICP证030367号-1,[22, 20, 2],16年9月7天,21,1,8
http://tv.sohu.com/
False,0,京ICP证030367号-1,[890, 849, 39],16年9月7天,19,2,279
http://pic.sohu.com/
False,0,京ICP证030367号-1,[333, 326, 7],16年9月7天,20,0,139
http://class.chinaren.com/
False,0,京ICP备10007273号-6,[19, 15, 4],注册时间无法获取,26,2,1
http://xtl.changyou.com/
False,0,京ICP备08104911号-1,[21, 19, 1],注册时间无法获取,24,0,15
http://www.17173.com/
False,0,京ICP备14014454号-1,[1352, 1103, 233],14年14天,21,4,351
http://www.m.sohu.com/
False,0,京ICP证030367号-1,[20, 2, 18],16年9月7天,22,0,40
http://www.hz.changyou.com/
False,0,京ICP备08104911号-1,[35, 19, 15],15年3月16天,27,0,19
http://mgame.sohu.com/
False,0,京ICP证030367号-1,[309, 227, 82],注册时间无法获取,22,1,128
